<?xml version="1.0" encoding="UTF-8"?>
<!-- Generated by org.testng.reporters.JUnitReportReporter -->
<testsuite hostname="IN01L0201000171" failures="0" tests="1" name="SumValidate" time="0.903" errors="0" timestamp="2021-03-11T15:35:14 IST" skipped="0">
  <testcase classname="SumValidate" name="sumOfCourses" time="0.903"/>
</testsuite> <!-- SumValidate -->
